<?xml version="1.0" encoding="UTF-8"?>
<!-- Generated by org.testng.reporters.JUnitReportReporter -->
<testsuite hostname="DESKTOP-IGQ2NS2" failures="0" tests="1" name="ZeleniumTest.LoginTest" time="0.000" errors="0" timestamp="2020-06-02T00:41:46 PKT" skipped="1">
  <testcase classname="ZeleniumTest.LoginTest" name="test" time="0.000">
    <skipped/>
  </testcase> <!-- test -->
  <system-out/>
</testsuite> <!-- ZeleniumTest.LoginTest -->
